2021-02-26 06:46:54,782 - instabot version: 0.117.0 (bot) - INFO - Instabot version: 0.117.0 Started
2021-02-26 06:46:54,782 - instabot version: 0.117.0 (bot) - DEBUG - Bot imported from C:\Users\Zakaria inc\AppData\Local\Programs\Python\Python38\lib\site-packages\instabot\bot\bot.py
2021-02-26 06:46:54,784 - instabot version: 0.117.0 (api_login) - INFO - Not yet logged in starting: PRE-LOGIN FLOW!
2021-02-26 06:46:55,569 - instabot version: 0.117.0 (api) - DEBUG - POST to endpoint: accounts/get_prefill_candidates/ returned response: <Response [200]>
2021-02-26 06:46:56,217 - instabot version: 0.117.0 (api) - DEBUG - POST to endpoint: qe/sync/ returned response: <Response [200]>
2021-02-26 06:46:57,487 - instabot version: 0.117.0 (api) - DEBUG - POST to endpoint: launcher/sync/ returned response: <Response [200]>
2021-02-26 06:46:59,089 - instabot version: 0.117.0 (api) - DEBUG - POST to endpoint: accounts/contact_point_prefill/ returned response: <Response [200]>
2021-02-26 06:47:01,127 - instabot version: 0.117.0 (api) - DEBUG - POST to endpoint: accounts/login/ returned response: <Response [200]>
2021-02-26 06:47:01,130 - instabot version: 0.117.0 (api) - INFO - Logged-in successfully as 'runtime2021'!
2021-02-26 06:47:01,130 - instabot version: 0.117.0 (api_login) - INFO - LOGIN FLOW! Just logged-in: True
2021-02-26 06:47:01,824 - instabot version: 0.117.0 (api) - DEBUG - POST to endpoint: qe/sync/ returned response: <Response [200]>
2021-02-26 06:47:02,446 - instabot version: 0.117.0 (api) - DEBUG - POST to endpoint: launcher/sync/ returned response: <Response [200]>
2021-02-26 06:47:03,005 - instabot version: 0.117.0 (api) - DEBUG - GET to endpoint: zr/token/result/?device_id=android-09fdaf1cb3666d3e&token_hash=&custom_device_id=android-09fdaf1cb3666d3e&fetch_reason=token_expired returned response: <Response [200]>
2021-02-26 06:47:03,533 - instabot version: 0.117.0 (api) - DEBUG - GET to endpoint: multiple_accounts/get_account_family/ returned response: <Response [200]>
2021-02-26 06:47:04,133 - instabot version: 0.117.0 (api) - DEBUG - POST to endpoint: qe/sync/ returned response: <Response [200]>
2021-02-26 06:47:05,292 - instabot version: 0.117.0 (api) - DEBUG - GET to endpoint: igtv/browse_feed/?prefetch=1 returned response: <Response [200]>
2021-02-26 06:47:06,582 - instabot version: 0.117.0 (api) - DEBUG - POST to endpoint: creatives/ar_class/ returned response: <Response [200]>
2021-02-26 06:47:07,738 - instabot version: 0.117.0 (api) - DEBUG - POST to endpoint: feed/reels_tray/ returned response: <Response [200]>
2021-02-26 06:47:10,061 - instabot version: 0.117.0 (api) - DEBUG - POST to endpoint: feed/timeline/ returned response: <Response [200]>
2021-02-26 06:47:10,606 - instabot version: 0.117.0 (api) - DEBUG - GET to endpoint: media/blocked/ returned response: <Response [200]>
2021-02-26 06:47:11,655 - instabot version: 0.117.0 (api) - DEBUG - GET to endpoint: news/inbox/ returned response: <Response [200]>
2021-02-26 06:47:12,533 - instabot version: 0.117.0 (api) - DEBUG - GET to endpoint: loom/fetch_config/ returned response: <Response [200]>
2021-02-26 06:47:13,913 - instabot version: 0.117.0 (api) - DEBUG - GET to endpoint: scores/bootstrap/users/?surfaces=["autocomplete_user_list","coefficient_besties_list_ranking","coefficient_rank_recipient_user_suggestion","coefficient_ios_section_test_bootstrap_ranking","coefficient_direct_recipients_ranking_variant_2"] returned response: <Response [200]>
2021-02-26 06:47:15,497 - instabot version: 0.117.0 (api) - DEBUG - GET to endpoint: business/eligibility/get_monetization_products_eligibility_data/?product_types=branded_content returned response: <Response [200]>
2021-02-26 06:47:16,166 - instabot version: 0.117.0 (api) - DEBUG - GET to endpoint: business/branded_content/should_require_professional_account/ returned response: <Response [200]>
2021-02-26 06:47:16,853 - instabot version: 0.117.0 (api) - DEBUG - GET to endpoint: linked_accounts/get_linkage_status/ returned response: <Response [200]>
2021-02-26 06:47:17,446 - instabot version: 0.117.0 (api) - DEBUG - GET to endpoint: locations/request_country/ returned response: <Response [200]>
2021-02-26 06:47:18,018 - instabot version: 0.117.0 (api) - DEBUG - GET to endpoint: qp/get_cooldowns/?signed_body=signed_body=4b9c516a5410a3bc128e09c6104a7f042146b9c2023870560c63a43a7f66781c.4&ig_sig_key_version=4&ig_sig_key_version=4 returned response: <Response [200]>
2021-02-26 06:47:18,765 - instabot version: 0.117.0 (api) - DEBUG - GET to endpoint: users/arlink_download_info/?version_override=2.2.1 returned response: <Response [200]>
2021-02-26 06:47:20,134 - instabot version: 0.117.0 (api) - DEBUG - GET to endpoint: users/45864369770/info/ returned response: <Response [200]>
2021-02-26 06:47:21,728 - instabot version: 0.117.0 (api) - DEBUG - GET to endpoint: direct_v2/get_presence/ returned response: <Response [200]>
2021-02-26 06:47:22,801 - instabot version: 0.117.0 (api) - DEBUG - GET to endpoint: direct_v2/inbox/?visual_message_return_type=unseen&thread_message_limit=10&persistentBadging=true&limit=20 returned response: <Response [200]>
2021-02-26 06:47:23,407 - instabot version: 0.117.0 (api) - DEBUG - GET to endpoint: direct_v2/inbox/?visual_message_return_type=unseen&persistentBadging=true&limit=0 returned response: <Response [200]>
2021-02-26 06:47:25,875 - instabot version: 0.117.0 (api) - DEBUG - GET to endpoint: discover/topical_explore/?is_prefetch=true&omit_cover_media=true&use_sectional_payload=true&timezone_offset=0&session_id=a4dc4de8-1a79-474b-bef6-d83549ce1868&include_fixed_destinations=true returned response: <Response [200]>
2021-02-26 06:47:26,526 - instabot version: 0.117.0 (api) - DEBUG - POST to endpoint: notifications/badge/ returned response: <Response [200]>
2021-02-26 06:47:27,221 - instabot version: 0.117.0 (api) - DEBUG - POST to endpoint: qp/batch_fetch/ returned response: <Response [200]>
2021-02-26 06:47:27,222 - instabot version: 0.117.0 (bot_checkpoint) - DEBUG - Loading Checkpoint file from: C:\Users\Zakaria inc\Documents\insta_bot/config/runtime2021.checkpoint
2021-02-26 06:47:27,964 - instabot version: 0.117.0 (api) - DEBUG - GET to endpoint: users/rt_business/usernameinfo/ returned response: <Response [200]>
2021-02-26 06:47:28,822 - instabot version: 0.117.0 (bot_follow) - INFO - Going to follow `user_id` 15878717499.
2021-02-26 06:47:28,822 - instabot version: 0.117.0 (api) - DEBUG - post data: {"user_id": "15878717499", "radio_type": "wifi-none", "device_id": "android-09fdaf1cb3666d3e", "_uuid": "0310e3bd-aeb4-49ca-88e6-f9dac343f9d3", "_uid": "45864369770", "_csrftoken": "GyFvYnL5tfikQfTGEWuxhf8mDVUNseOr"}
2021-02-26 06:47:30,072 - instabot version: 0.117.0 (api) - DEBUG - POST to endpoint: friendships/create/15878717499/ returned response: <Response [200]>
2021-02-26 06:47:30,072 - instabot version: 0.117.0 (bot_follow) - INFO - Followed `user_id` 15878717499.
2021-02-26 06:47:31,532 - instabot version: 0.117.0 (api) - DEBUG - GET to endpoint: users/45864369770/info/ returned response: <Response [200]>
2021-02-26 06:47:32,844 - instabot version: 0.117.0 (api) - DEBUG - GET to endpoint: friendships/45864369770/following/?max_id=&ig_sig_key_version=4&rank_token=45864369770_0310e3bd-aeb4-49ca-88e6-f9dac343f9d3 returned response: <Response [200]>
2021-02-26 06:47:32,846 - instabot version: 0.117.0 (bot_checkpoint) - DEBUG - Saving Checkpoint file to: C:\Users\Zakaria inc\Documents\insta_bot/config/runtime2021.checkpoint
2021-02-26 06:47:32,847 - instabot version: 0.117.0 (bot) - INFO - Total follows: 1/60
2021-02-26 06:47:32,847 - instabot version: 0.117.0 (bot) - INFO - Total requests: 35
